{"/Users/melmepham/CloudCannon/ssg-reader/src/enum/parser.enum.ts": {"path":"/Users/melmepham/CloudCannon/ssg-reader/src/enum/parser.enum.ts","statementMap":{"0":{"start":{"line":1,"column":0},"end":{"line":1,"column":24}},"1":{"start":{"line":3,"column":0},"end":{"line":3,"column":null}},"2":{"start":{"line":4,"column":4},"end":{"line":4,"column":null}},"3":{"start":{"line":5,"column":4},"end":{"line":5,"column":null}},"4":{"start":{"line":6,"column":4},"end":{"line":6,"column":null}},"5":{"start":{"line":7,"column":4},"end":{"line":7,"column":null}},"6":{"start":{"line":8,"column":4},"end":{"line":8,"column":null}},"7":{"start":{"line":11,"column":13},"end":{"line":11,"column":null}}},"fnMap":{"0":{"name":"(anonymous_0)","decl":{"start":{"line":3,"column":0},"end":{"line":3,"column":12}},"loc":{"start":{"line":3,"column":19},"end":{"line":9,"column":1}}}},"branchMap":{"0":{"loc":{"start":{"line":3,"column":12},"end":{"line":3,"column":19}},"type":"binary-expr","locations":[{"start":{"line":3,"column":12},"end":{"line":3,"column":19}},{"start":{"line":3,"column":12},"end":{"line":3,"column":null}}]}},"s":{"0":1,"1":1,"2":1,"3":1,"4":1,"5":1,"6":1,"7":1},"f":{"0":1},"b":{"0":[1,1]}}
,"/Users/melmepham/CloudCannon/ssg-reader/src/helper/loader.ts": {"path":"/Users/melmepham/CloudCannon/ssg-reader/src/helper/loader.ts","statementMap":{"0":{"start":{"line":2,"column":0},"end":{"line":2,"column":59}},"1":{"start":{"line":5,"column":24},"end":{"line":5,"column":45}},"2":{"start":{"line":7,"column":19},"end":{"line":7,"column":86}},"3":{"start":{"line":8,"column":4},"end":{"line":8,"column":18}},"4":{"start":{"line":13,"column":4},"end":{"line":15,"column":null}},"5":{"start":{"line":14,"column":8},"end":{"line":14,"column":57}},"6":{"start":{"line":16,"column":4},"end":{"line":18,"column":null}},"7":{"start":{"line":17,"column":8},"end":{"line":17,"column":49}},"8":{"start":{"line":19,"column":4},"end":{"line":19,"column":38}},"9":{"start":{"line":11,"column":0},"end":{"line":11,"column":16}}},"fnMap":{"0":{"name":"getLoaderFromFiletype","decl":{"start":{"line":4,"column":9},"end":{"line":4,"column":30}},"loc":{"start":{"line":4,"column":47},"end":{"line":9,"column":1}}},"1":{"name":"getLoaderType","decl":{"start":{"line":11,"column":16},"end":{"line":11,"column":29}},"loc":{"start":{"line":11,"column":63},"end":{"line":20,"column":1}}}},"branchMap":{"0":{"loc":{"start":{"line":13,"column":4},"end":{"line":15,"column":null}},"type":"if","locations":[{"start":{"line":13,"column":4},"end":{"line":15,"column":null}},{"start":{"line":13,"column":4},"end":{"line":15,"column":null}}]},"1":{"loc":{"start":{"line":16,"column":4},"end":{"line":18,"column":null}},"type":"if","locations":[{"start":{"line":16,"column":4},"end":{"line":18,"column":null}},{"start":{"line":16,"column":4},"end":{"line":18,"column":null}}]}},"s":{"0":1,"1":4,"2":4,"3":4,"4":5,"5":3,"6":5,"7":4,"8":5,"9":1},"f":{"0":4,"1":5},"b":{"0":[3,2],"1":[4,1]}}
,"/Users/melmepham/CloudCannon/ssg-reader/src/helper/parse-from-gray-matter.ts": {"path":"/Users/melmepham/CloudCannon/ssg-reader/src/helper/parse-from-gray-matter.ts","statementMap":{"0":{"start":{"line":1,"column":0},"end":{"line":1,"column":33}},"1":{"start":{"line":2,"column":0},"end":{"line":2,"column":39}},"2":{"start":{"line":6,"column":29},"end":{"line":6,"column":null}},"3":{"start":{"line":6,"column":14},"end":{"line":6,"column":null}},"4":{"start":{"line":7,"column":14},"end":{"line":7,"column":49}},"5":{"start":{"line":9,"column":8},"end":{"line":9,"column":32}},"6":{"start":{"line":4,"column":0},"end":{"line":4,"column":22}}},"fnMap":{"0":{"name":"parseFromGrayMatter","decl":{"start":{"line":4,"column":22},"end":{"line":4,"column":41}},"loc":{"start":{"line":4,"column":58},"end":{"line":10,"column":null}}}},"branchMap":{"0":{"loc":{"start":{"line":6,"column":29},"end":{"line":6,"column":null}},"type":"switch","locations":[{"start":{"line":6,"column":29},"end":{"line":6,"column":null}}]}},"s":{"0":1,"1":1,"2":4,"3":4,"4":3,"5":2,"6":1},"f":{"0":4},"b":{"0":[4]}}
,"/Users/melmepham/CloudCannon/ssg-reader/src/helper/read-local-file.ts": {"path":"/Users/melmepham/CloudCannon/ssg-reader/src/helper/read-local-file.ts","statementMap":{"0":{"start":{"line":1,"column":0},"end":{"line":1,"column":39}},"1":{"start":{"line":5,"column":25},"end":{"line":5,"column":null}},"2":{"start":{"line":5,"column":14},"end":{"line":5,"column":null}},"3":{"start":{"line":6,"column":8},"end":{"line":6,"column":47}},"4":{"start":{"line":9,"column":8},"end":{"line":9,"column":36}},"5":{"start":{"line":3,"column":0},"end":{"line":3,"column":22}}},"fnMap":{"0":{"name":"readLocalJSONFile","decl":{"start":{"line":3,"column":22},"end":{"line":3,"column":39}},"loc":{"start":{"line":3,"column":52},"end":{"line":11,"column":null}}}},"branchMap":{},"s":{"0":1,"1":2,"2":2,"3":1,"4":1,"5":1},"f":{"0":2},"b":{}}
,"/Users/melmepham/CloudCannon/ssg-reader/src/helper/url-builder.ts": {"path":"/Users/melmepham/CloudCannon/ssg-reader/src/helper/url-builder.ts","statementMap":{"0":{"start":{"line":3,"column":4},"end":{"line":5,"column":null}},"1":{"start":{"line":4,"column":8},"end":{"line":4,"column":null}},"2":{"start":{"line":7,"column":4},"end":{"line":9,"column":null}},"3":{"start":{"line":8,"column":8},"end":{"line":8,"column":27}},"4":{"start":{"line":12,"column":29},"end":{"line":12,"column":51}},"5":{"start":{"line":14,"column":4},"end":{"line":26,"column":null}},"6":{"start":{"line":15,"column":8},"end":{"line":25,"column":null}},"7":{"start":{"line":16,"column":31},"end":{"line":16,"column":51}},"8":{"start":{"line":17,"column":12},"end":{"line":22,"column":null}},"9":{"start":{"line":18,"column":16},"end":{"line":18,"column":49}},"10":{"start":{"line":21,"column":16},"end":{"line":21,"column":null}},"11":{"start":{"line":24,"column":12},"end":{"line":24,"column":23}},"12":{"start":{"line":27,"column":4},"end":{"line":27,"column":null}},"13":{"start":{"line":2,"column":0},"end":{"line":2,"column":16}}},"fnMap":{"0":{"name":"getUrlFromFrontMatter","decl":{"start":{"line":2,"column":16},"end":{"line":2,"column":37}},"loc":{"start":{"line":2,"column":85},"end":{"line":28,"column":1}}},"1":{"name":"(anonymous_1)","decl":{"start":{"line":14,"column":38},"end":{"line":14,"column":41}},"loc":{"start":{"line":14,"column":41},"end":{"line":26,"column":5}}}},"branchMap":{"0":{"loc":{"start":{"line":3,"column":4},"end":{"line":5,"column":null}},"type":"if","locations":[{"start":{"line":3,"column":4},"end":{"line":5,"column":null}},{"start":{"line":3,"column":4},"end":{"line":5,"column":null}}]},"1":{"loc":{"start":{"line":7,"column":4},"end":{"line":9,"column":null}},"type":"if","locations":[{"start":{"line":7,"column":4},"end":{"line":9,"column":null}},{"start":{"line":7,"column":4},"end":{"line":9,"column":null}}]},"2":{"loc":{"start":{"line":15,"column":8},"end":{"line":25,"column":null}},"type":"if","locations":[{"start":{"line":15,"column":8},"end":{"line":25,"column":null}},{"start":{"line":15,"column":8},"end":{"line":25,"column":null}}]},"3":{"loc":{"start":{"line":17,"column":12},"end":{"line":22,"column":null}},"type":"if","locations":[{"start":{"line":17,"column":12},"end":{"line":22,"column":null}},{"start":{"line":17,"column":12},"end":{"line":22,"column":null}}]}},"s":{"0":4,"1":1,"2":3,"3":1,"4":2,"5":2,"6":6,"7":2,"8":2,"9":1,"10":1,"11":4,"12":1,"13":1},"f":{"0":4,"1":6},"b":{"0":[1,3],"1":[1,2],"2":[2,4],"3":[1,1]}}
}
