TN:
SF:src/enum/parser.enum.ts
FN:3,(anonymous_0)
FNF:1
FNH:1
FNDA:1,(anonymous_0)
DA:1,1
DA:3,1
DA:4,1
DA:5,1
DA:6,1
DA:7,1
DA:8,1
DA:11,1
LF:8
LH:8
BRDA:3,0,0,1
BRDA:3,0,1,1
BRF:2
BRH:2
end_of_record
TN:
SF:src/helper/loader.ts
FN:4,getLoaderFromFiletype
FN:11,getLoaderType
FNF:2
FNH:2
FNDA:4,getLoaderFromFiletype
FNDA:5,getLoaderType
DA:2,1
DA:5,4
DA:7,4
DA:8,4
DA:11,1
DA:13,5
DA:14,3
DA:16,5
DA:17,4
DA:19,5
LF:10
LH:10
BRDA:13,0,0,3
BRDA:13,0,1,2
BRDA:16,1,0,4
BRDA:16,1,1,1
BRF:4
BRH:4
end_of_record
TN:
SF:src/helper/parse-from-gray-matter.ts
FN:4,parseFromGrayMatter
FNF:1
FNH:1
FNDA:4,parseFromGrayMatter
DA:1,1
DA:2,1
DA:4,1
DA:6,4
DA:7,3
DA:9,2
LF:6
LH:6
BRDA:6,0,0,4
BRF:1
BRH:1
end_of_record
TN:
SF:src/helper/read-local-file.ts
FN:3,readLocalJSONFile
FNF:1
FNH:1
FNDA:2,readLocalJSONFile
DA:1,1
DA:3,1
DA:5,2
DA:6,1
DA:9,1
LF:5
LH:5
BRF:0
BRH:0
end_of_record
TN:
SF:src/helper/url-builder.ts
FN:2,getUrlFromFrontMatter
FN:14,(anonymous_1)
FNF:2
FNH:2
FNDA:4,getUrlFromFrontMatter
FNDA:6,(anonymous_1)
DA:2,1
DA:3,4
DA:4,1
DA:7,3
DA:8,1
DA:12,2
DA:14,2
DA:15,6
DA:16,2
DA:17,2
DA:18,1
DA:21,1
DA:24,4
DA:27,1
LF:14
LH:14
BRDA:3,0,0,1
BRDA:3,0,1,3
BRDA:7,1,0,1
BRDA:7,1,1,2
BRDA:15,2,0,2
BRDA:15,2,1,4
BRDA:17,3,0,1
BRDA:17,3,1,1
BRF:8
BRH:8
end_of_record
