TN:
SF:src/parse-from-gray-matter.ts
FN:4,parseFromGrayMatter
FNF:1
FNH:1
FNDA:4,parseFromGrayMatter
DA:1,1
DA:2,1
DA:4,1
DA:6,4
DA:7,3
DA:9,2
LF:6
LH:6
BRDA:6,0,0,4
BRF:1
BRH:1
end_of_record
TN:
SF:src/enum/parser.enum.ts
FN:3,(anonymous_0)
FNF:1
FNH:1
FNDA:1,(anonymous_0)
DA:1,1
DA:3,1
DA:4,1
DA:5,1
DA:8,1
LF:5
LH:5
BRDA:3,0,0,1
BRDA:3,0,1,1
BRF:2
BRH:2
end_of_record
TN:
SF:src/helper/loader.ts
FN:4,getLoaderFromFiletype
FN:12,getLoaderType
FNF:2
FNH:2
FNDA:4,getLoaderFromFiletype
FNDA:5,getLoaderType
DA:2,1
DA:5,4
DA:8,4
DA:9,4
DA:12,1
DA:14,5
DA:15,3
DA:17,5
DA:18,4
DA:20,5
LF:10
LH:10
BRDA:14,0,0,3
BRDA:14,0,1,2
BRDA:17,1,0,4
BRDA:17,1,1,1
BRF:4
BRH:4
end_of_record
TN:
SF:src/helper/read-local-file.ts
FN:3,readLocalJSONFile
FNF:1
FNH:1
FNDA:2,readLocalJSONFile
DA:1,1
DA:3,1
DA:5,2
DA:6,1
DA:9,1
LF:5
LH:5
BRF:0
BRH:0
end_of_record
